17:12:49 [main] INFO  c.diatoz.profile.ProfileApplication      -: Starting ProfileApplication using Java 21 with PID 22104 (C:\Users\prath\OneDrive\Desktop\Project\profile\target\classes started by prath in C:\Users\prath\OneDrive\Desktop\Project\profile)
17:12:49 [main] INFO  c.diatoz.profile.ProfileApplication      -: No active profile set, falling back to 1 default profile: "default"
17:12:50 [main] INFO  o.s.b.w.e.tomcat.TomcatWebServer         -: Tomcat initialized with port(s): 8080 (http)
17:12:50 [main] INFO  o.a.coyote.http11.Http11NioProtocol      -: Initializing ProtocolHandler ["http-nio-8080"]
17:12:50 [main] INFO  o.a.catalina.core.StandardService        -: Starting service [Tomcat]
17:12:50 [main] INFO  o.a.catalina.core.StandardEngine         -: Starting Servlet engine: [Apache Tomcat/10.1.13]
17:12:50 [main] INFO  o.a.c.c.C.[Tomcat].[localhost].[/]       -: Initializing Spring embedded WebApplicationContext
17:12:50 [main] INFO  o.s.b.w.s.c.ServletWebServerApplicationContext -: Root WebApplicationContext: initialization completed in 1011 ms
17:12:50 [main] INFO  o.a.coyote.http11.Http11NioProtocol      -: Starting ProtocolHandler ["http-nio-8080"]
17:12:50 [main] INFO  o.s.b.w.e.tomcat.TomcatWebServer         -: Tomcat started on port(s): 8080 (http) with context path ''
17:12:50 [main] INFO  c.diatoz.profile.ProfileApplication      -: Started ProfileApplication in 1.702 seconds (process running for 2.193)
17:13:16 [main] INFO  c.diatoz.profile.ProfileApplication      -: Starting ProfileApplication using Java 21 with PID 19208 (C:\Users\prath\OneDrive\Desktop\Project\profile\target\classes started by prath in C:\Users\prath\OneDrive\Desktop\Project\profile)
17:13:16 [main] INFO  c.diatoz.profile.ProfileApplication      -: The following 1 profile is active: "test"
17:13:17 [main] INFO  o.s.b.w.e.tomcat.TomcatWebServer         -: Tomcat initialized with port(s): 8082 (http)
17:13:17 [main] INFO  o.a.coyote.http11.Http11NioProtocol      -: Initializing ProtocolHandler ["http-nio-8082"]
17:13:17 [main] INFO  o.a.catalina.core.StandardService        -: Starting service [Tomcat]
17:13:17 [main] INFO  o.a.catalina.core.StandardEngine         -: Starting Servlet engine: [Apache Tomcat/10.1.13]
17:13:17 [main] INFO  o.a.c.c.C.[Tomcat].[localhost].[/]       -: Initializing Spring embedded WebApplicationContext
17:13:17 [main] INFO  o.s.b.w.s.c.ServletWebServerApplicationContext -: Root WebApplicationContext: initialization completed in 685 ms
17:13:17 [main] INFO  o.a.coyote.http11.Http11NioProtocol      -: Starting ProtocolHandler ["http-nio-8082"]
17:13:17 [main] INFO  o.s.b.w.e.tomcat.TomcatWebServer         -: Tomcat started on port(s): 8082 (http) with context path ''
17:13:17 [main] INFO  c.diatoz.profile.ProfileApplication      -: Started ProfileApplication in 1.267 seconds (process running for 1.687)
17:13:29 [main] INFO  c.diatoz.profile.ProfileApplication      -: Starting ProfileApplication using Java 21 with PID 17860 (C:\Users\prath\OneDrive\Desktop\Project\profile\target\classes started by prath in C:\Users\prath\OneDrive\Desktop\Project\profile)
17:13:29 [main] INFO  c.diatoz.profile.ProfileApplication      -: The following 1 profile is active: "prod"
17:13:30 [main] INFO  o.s.b.w.e.tomcat.TomcatWebServer         -: Tomcat initialized with port(s): 8083 (http)
17:13:30 [main] INFO  o.a.coyote.http11.Http11NioProtocol      -: Initializing ProtocolHandler ["http-nio-8083"]
17:13:30 [main] INFO  o.a.catalina.core.StandardService        -: Starting service [Tomcat]
17:13:30 [main] INFO  o.a.catalina.core.StandardEngine         -: Starting Servlet engine: [Apache Tomcat/10.1.13]
17:13:30 [main] INFO  o.a.c.c.C.[Tomcat].[localhost].[/]       -: Initializing Spring embedded WebApplicationContext
17:13:30 [main] INFO  o.s.b.w.s.c.ServletWebServerApplicationContext -: Root WebApplicationContext: initialization completed in 659 ms
17:13:30 [main] INFO  o.a.coyote.http11.Http11NioProtocol      -: Starting ProtocolHandler ["http-nio-8083"]
17:13:30 [main] INFO  o.s.b.w.e.tomcat.TomcatWebServer         -: Tomcat started on port(s): 8083 (http) with context path ''
17:13:30 [main] INFO  c.diatoz.profile.ProfileApplication      -: Started ProfileApplication in 1.205 seconds (process running for 1.552)
17:28:23 [main] INFO  c.diatoz.profile.ProfileApplication      -: Starting ProfileApplication using Java 21 with PID 13884 (C:\Users\prath\OneDrive\Desktop\Project\profile\target\classes started by prath in C:\Users\prath\OneDrive\Desktop\Project\profile)
17:28:23 [main] INFO  c.diatoz.profile.ProfileApplication      -: No active profile set, falling back to 1 default profile: "default"
17:28:24 [main] INFO  o.s.b.w.e.tomcat.TomcatWebServer         -: Tomcat initialized with port(s): 8080 (http)
17:28:24 [main] INFO  o.a.coyote.http11.Http11NioProtocol      -: Initializing ProtocolHandler ["http-nio-8080"]
17:28:24 [main] INFO  o.a.catalina.core.StandardService        -: Starting service [Tomcat]
17:28:24 [main] INFO  o.a.catalina.core.StandardEngine         -: Starting Servlet engine: [Apache Tomcat/10.1.13]
17:28:24 [main] INFO  o.a.c.c.C.[Tomcat].[localhost].[/]       -: Initializing Spring embedded WebApplicationContext
17:28:24 [main] INFO  o.s.b.w.s.c.ServletWebServerApplicationContext -: Root WebApplicationContext: initialization completed in 1071 ms
17:28:24 [main] INFO  o.a.coyote.http11.Http11NioProtocol      -: Starting ProtocolHandler ["http-nio-8080"]
17:28:24 [main] INFO  o.s.b.w.e.tomcat.TomcatWebServer         -: Tomcat started on port(s): 8080 (http) with context path ''
17:28:24 [main] INFO  c.diatoz.profile.ProfileApplication      -: Started ProfileApplication in 1.878 seconds (process running for 2.455)
17:28:32 [main] INFO  c.diatoz.profile.ProfileApplication      -: Starting ProfileApplication using Java 21 with PID 13324 (C:\Users\prath\OneDrive\Desktop\Project\profile\target\classes started by prath in C:\Users\prath\OneDrive\Desktop\Project\profile)
17:28:32 [main] INFO  c.diatoz.profile.ProfileApplication      -: No active profile set, falling back to 1 default profile: "default"
17:28:33 [main] INFO  o.s.b.w.e.tomcat.TomcatWebServer         -: Tomcat initialized with port(s): 8080 (http)
17:28:33 [main] INFO  o.a.coyote.http11.Http11NioProtocol      -: Initializing ProtocolHandler ["http-nio-8080"]
17:28:33 [main] INFO  o.a.catalina.core.StandardService        -: Starting service [Tomcat]
17:28:33 [main] INFO  o.a.catalina.core.StandardEngine         -: Starting Servlet engine: [Apache Tomcat/10.1.13]
17:28:33 [main] INFO  o.a.c.c.C.[Tomcat].[localhost].[/]       -: Initializing Spring embedded WebApplicationContext
17:28:33 [main] INFO  o.s.b.w.s.c.ServletWebServerApplicationContext -: Root WebApplicationContext: initialization completed in 1004 ms
17:28:33 [main] INFO  o.a.coyote.http11.Http11NioProtocol      -: Starting ProtocolHandler ["http-nio-8080"]
17:28:33 [main] INFO  o.s.b.w.e.tomcat.TomcatWebServer         -: Tomcat started on port(s): 8080 (http) with context path ''
17:28:33 [main] INFO  c.diatoz.profile.ProfileApplication      -: Started ProfileApplication in 1.792 seconds (process running for 2.322)
