17:28:23 [main] INFO  c.diatoz.profile.ProfileApplication      -: Starting ProfileApplication using Java 21 with PID 13884 (C:\Users\prath\OneDrive\Desktop\Project\profile\target\classes started by prath in C:\Users\prath\OneDrive\Desktop\Project\profile)
17:28:23 [main] INFO  c.diatoz.profile.ProfileApplication      -: No active profile set, falling back to 1 default profile: "default"
17:28:24 [main] INFO  o.s.b.w.e.tomcat.TomcatWebServer         -: Tomcat initialized with port(s): 8080 (http)
17:28:24 [main] INFO  o.a.coyote.http11.Http11NioProtocol      -: Initializing ProtocolHandler ["http-nio-8080"]
17:28:24 [main] INFO  o.a.catalina.core.StandardService        -: Starting service [Tomcat]
17:28:24 [main] INFO  o.a.catalina.core.StandardEngine         -: Starting Servlet engine: [Apache Tomcat/10.1.13]
17:28:24 [main] INFO  o.a.c.c.C.[Tomcat].[localhost].[/]       -: Initializing Spring embedded WebApplicationContext
17:28:24 [main] INFO  o.s.b.w.s.c.ServletWebServerApplicationContext -: Root WebApplicationContext: initialization completed in 1071 ms
17:28:24 [main] INFO  o.a.coyote.http11.Http11NioProtocol      -: Starting ProtocolHandler ["http-nio-8080"]
17:28:24 [main] INFO  o.s.b.w.e.tomcat.TomcatWebServer         -: Tomcat started on port(s): 8080 (http) with context path ''
17:28:24 [main] INFO  c.diatoz.profile.ProfileApplication      -: Started ProfileApplication in 1.878 seconds (process running for 2.455)
17:28:32 [main] INFO  c.diatoz.profile.ProfileApplication      -: Starting ProfileApplication using Java 21 with PID 13324 (C:\Users\prath\OneDrive\Desktop\Project\profile\target\classes started by prath in C:\Users\prath\OneDrive\Desktop\Project\profile)
17:28:32 [main] INFO  c.diatoz.profile.ProfileApplication      -: No active profile set, falling back to 1 default profile: "default"
17:28:33 [main] INFO  o.s.b.w.e.tomcat.TomcatWebServer         -: Tomcat initialized with port(s): 8080 (http)
17:28:33 [main] INFO  o.a.coyote.http11.Http11NioProtocol      -: Initializing ProtocolHandler ["http-nio-8080"]
17:28:33 [main] INFO  o.a.catalina.core.StandardService        -: Starting service [Tomcat]
17:28:33 [main] INFO  o.a.catalina.core.StandardEngine         -: Starting Servlet engine: [Apache Tomcat/10.1.13]
17:28:33 [main] INFO  o.a.c.c.C.[Tomcat].[localhost].[/]       -: Initializing Spring embedded WebApplicationContext
17:28:33 [main] INFO  o.s.b.w.s.c.ServletWebServerApplicationContext -: Root WebApplicationContext: initialization completed in 1004 ms
17:28:33 [main] INFO  o.a.coyote.http11.Http11NioProtocol      -: Starting ProtocolHandler ["http-nio-8080"]
17:28:33 [main] INFO  o.s.b.w.e.tomcat.TomcatWebServer         -: Tomcat started on port(s): 8080 (http) with context path ''
17:28:33 [main] INFO  c.diatoz.profile.ProfileApplication      -: Started ProfileApplication in 1.792 seconds (process running for 2.322)
