17:10:45 [main] INFO  c.diatoz.profile.ProfileApplication      -: Starting ProfileApplication using Java 21 with PID 19344 (C:\Users\prath\OneDrive\Desktop\Project\profile\target\classes started by prath in C:\Users\prath\OneDrive\Desktop\Project\profile)
17:10:45 [main] INFO  c.diatoz.profile.ProfileApplication      -: No active profile set, falling back to 1 default profile: "default"
17:10:46 [main] INFO  o.s.b.w.e.tomcat.TomcatWebServer         -: Tomcat initialized with port(s): 8080 (http)
17:10:46 [main] INFO  o.a.coyote.http11.Http11NioProtocol      -: Initializing ProtocolHandler ["http-nio-8080"]
17:10:46 [main] INFO  o.a.catalina.core.StandardService        -: Starting service [Tomcat]
17:10:46 [main] INFO  o.a.catalina.core.StandardEngine         -: Starting Servlet engine: [Apache Tomcat/10.1.13]
17:10:46 [main] INFO  o.a.c.c.C.[Tomcat].[localhost].[/]       -: Initializing Spring embedded WebApplicationContext
17:10:46 [main] INFO  o.s.b.w.s.c.ServletWebServerApplicationContext -: Root WebApplicationContext: initialization completed in 956 ms
17:10:46 [main] INFO  o.a.coyote.http11.Http11NioProtocol      -: Starting ProtocolHandler ["http-nio-8080"]
17:10:46 [main] INFO  o.s.b.w.e.tomcat.TomcatWebServer         -: Tomcat started on port(s): 8080 (http) with context path ''
17:10:46 [main] INFO  c.diatoz.profile.ProfileApplication      -: Started ProfileApplication in 1.657 seconds (process running for 2.162)
17:12:49 [main] INFO  c.diatoz.profile.ProfileApplication      -: Starting ProfileApplication using Java 21 with PID 22104 (C:\Users\prath\OneDrive\Desktop\Project\profile\target\classes started by prath in C:\Users\prath\OneDrive\Desktop\Project\profile)
17:12:49 [main] INFO  c.diatoz.profile.ProfileApplication      -: No active profile set, falling back to 1 default profile: "default"
17:12:50 [main] INFO  o.s.b.w.e.tomcat.TomcatWebServer         -: Tomcat initialized with port(s): 8080 (http)
17:12:50 [main] INFO  o.a.coyote.http11.Http11NioProtocol      -: Initializing ProtocolHandler ["http-nio-8080"]
17:12:50 [main] INFO  o.a.catalina.core.StandardService        -: Starting service [Tomcat]
17:12:50 [main] INFO  o.a.catalina.core.StandardEngine         -: Starting Servlet engine: [Apache Tomcat/10.1.13]
17:12:50 [main] INFO  o.a.c.c.C.[Tomcat].[localhost].[/]       -: Initializing Spring embedded WebApplicationContext
17:12:50 [main] INFO  o.s.b.w.s.c.ServletWebServerApplicationContext -: Root WebApplicationContext: initialization completed in 1011 ms
17:12:50 [main] INFO  o.a.coyote.http11.Http11NioProtocol      -: Starting ProtocolHandler ["http-nio-8080"]
17:12:50 [main] INFO  o.s.b.w.e.tomcat.TomcatWebServer         -: Tomcat started on port(s): 8080 (http) with context path ''
17:12:50 [main] INFO  c.diatoz.profile.ProfileApplication      -: Started ProfileApplication in 1.702 seconds (process running for 2.193)
